<?xml version="1.0" encoding="UTF-8" ?>
<testsuite failures="0" time="0.29" errors="0" skipped="0" tests="8" name="TestCalendar">
  <properties>
[...]
</properties>
  <testcase time="0.172" classname="TestCalendar" name="testResultNextDayWithHoliday"/>
  <testcase time="0.001" classname="TestCalendar" name="testCreationCalendar"/>
  <testcase time="0.003" classname="TestCalendar" name="testResultNextDay"/>
  <testcase time="0.002" classname="TestCalendar" name="testResultZero"/>
  <testcase time="0.003" classname="TestCalendar" name="testResultAfterFirstDay"/>
  <testcase time="0.003" classname="TestCalendar" name="testResultFirstTime"/>
  <testcase time="0.003" classname="TestCalendar" name="testResultBeforeFirstDay"/>
  <testcase time="0.003" classname="TestCalendar" name="testResultSecondTime"/>
</testsuite>